/home/osboxes/RT-TEE_PRE_RELEASE/edk2/Build/ArmVirtQemuKernel-AARCH64/DEBUG_GCC49/AARCH64/MdePkg/Library/DxePcdLib/DxePcdLib/OUTPUT/DxePcdLib.lib
/home/osboxes/RT-TEE_PRE_RELEASE/edk2/Build/ArmVirtQemuKernel-AARCH64/DEBUG_GCC49/AARCH64/MdePkg/Library/BaseMemoryLibOptDxe/BaseMemoryLibOptDxe/OUTPUT/BaseMemoryLibOptDxe.lib
/home/osboxes/RT-TEE_PRE_RELEASE/edk2/Build/ArmVirtQemuKernel-AARCH64/DEBUG_GCC49/AARCH64/MdePkg/Library/BaseLib/BaseLib/OUTPUT/BaseLib.lib
/home/osboxes/RT-TEE_PRE_RELEASE/edk2/Build/ArmVirtQemuKernel-AARCH64/DEBUG_GCC49/AARCH64/MdePkg/Library/BaseIoLibIntrinsic/BaseIoLibIntrinsicArmVirt/OUTPUT/BaseIoLibIntrinsicArmVirt.lib
/home/osboxes/RT-TEE_PRE_RELEASE/edk2/Build/ArmVirtQemuKernel-AARCH64/DEBUG_GCC49/AARCH64/ArmVirtPkg/Library/ArmVirtDxeHobLib/ArmVirtDxeHobLib/OUTPUT/ArmVirtDxeHobLib.lib
/home/osboxes/RT-TEE_PRE_RELEASE/edk2/Build/ArmVirtQemuKernel-AARCH64/DEBUG_GCC49/AARCH64/ArmPlatformPkg/Library/PL011UartLib/PL011UartLib/OUTPUT/PL011UartLib.lib
/home/osboxes/RT-TEE_PRE_RELEASE/edk2/Build/ArmVirtQemuKernel-AARCH64/DEBUG_GCC49/AARCH64/ArmVirtPkg/Library/FdtPL011SerialPortLib/FdtPL011SerialPortLib/OUTPUT/FdtPL011SerialPortLib.lib
/home/osboxes/RT-TEE_PRE_RELEASE/edk2/Build/ArmVirtQemuKernel-AARCH64/DEBUG_GCC49/AARCH64/MdePkg/Library/BasePrintLib/BasePrintLib/OUTPUT/BasePrintLib.lib
/home/osboxes/RT-TEE_PRE_RELEASE/edk2/Build/ArmVirtQemuKernel-AARCH64/DEBUG_GCC49/AARCH64/MdePkg/Library/BaseDebugPrintErrorLevelLib/BaseDebugPrintErrorLevelLib/OUTPUT/BaseDebugPrintErrorLevelLib.lib
/home/osboxes/RT-TEE_PRE_RELEASE/edk2/Build/ArmVirtQemuKernel-AARCH64/DEBUG_GCC49/AARCH64/MdePkg/Library/DxeRuntimeDebugLibSerialPort/DxeRuntimeDebugLibSerialPort/OUTPUT/DxeRuntimeDebugLibSerialPort.lib
/home/osboxes/RT-TEE_PRE_RELEASE/edk2/Build/ArmVirtQemuKernel-AARCH64/DEBUG_GCC49/AARCH64/MdePkg/Library/UefiBootServicesTableLib/UefiBootServicesTableLib/OUTPUT/UefiBootServicesTableLib.lib
/home/osboxes/RT-TEE_PRE_RELEASE/edk2/Build/ArmVirtQemuKernel-AARCH64/DEBUG_GCC49/AARCH64/MdePkg/Library/UefiMemoryAllocationLib/UefiMemoryAllocationLib/OUTPUT/UefiMemoryAllocationLib.lib
/home/osboxes/RT-TEE_PRE_RELEASE/edk2/Build/ArmVirtQemuKernel-AARCH64/DEBUG_GCC49/AARCH64/ArmPkg/Library/ArmHvcLib/ArmHvcLib/OUTPUT/ArmHvcLib.lib
/home/osboxes/RT-TEE_PRE_RELEASE/edk2/Build/ArmVirtQemuKernel-AARCH64/DEBUG_GCC49/AARCH64/ArmPkg/Library/ArmSmcLib/ArmSmcLib/OUTPUT/ArmSmcLib.lib
/home/osboxes/RT-TEE_PRE_RELEASE/edk2/Build/ArmVirtQemuKernel-AARCH64/DEBUG_GCC49/AARCH64/MdePkg/Library/UefiRuntimeServicesTableLib/UefiRuntimeServicesTableLib/OUTPUT/UefiRuntimeServicesTableLib.lib
/home/osboxes/RT-TEE_PRE_RELEASE/edk2/Build/ArmVirtQemuKernel-AARCH64/DEBUG_GCC49/AARCH64/MdePkg/Library/UefiDevicePathLibDevicePathProtocol/UefiDevicePathLibDevicePathProtocol/OUTPUT/UefiDevicePathLibDevicePathProtocol.lib
/home/osboxes/RT-TEE_PRE_RELEASE/edk2/Build/ArmVirtQemuKernel-AARCH64/DEBUG_GCC49/AARCH64/ArmVirtPkg/Library/ArmVirtPsciResetSystemLib/ArmVirtPsciResetSystemLib/OUTPUT/ArmVirtPsciResetSystemLib.lib
/home/osboxes/RT-TEE_PRE_RELEASE/edk2/Build/ArmVirtQemuKernel-AARCH64/DEBUG_GCC49/AARCH64/MdePkg/Library/UefiRuntimeLib/UefiRuntimeLib/OUTPUT/UefiRuntimeLib.lib
/home/osboxes/RT-TEE_PRE_RELEASE/edk2/Build/ArmVirtQemuKernel-AARCH64/DEBUG_GCC49/AARCH64/MdePkg/Library/UefiDriverEntryPoint/UefiDriverEntryPoint/OUTPUT/UefiDriverEntryPoint.lib
/home/osboxes/RT-TEE_PRE_RELEASE/edk2/Build/ArmVirtQemuKernel-AARCH64/DEBUG_GCC49/AARCH64/MdePkg/Library/UefiLib/UefiLib/OUTPUT/UefiLib.lib
/home/osboxes/RT-TEE_PRE_RELEASE/edk2/Build/ArmVirtQemuKernel-AARCH64/DEBUG_GCC49/AARCH64/MdePkg/Library/BaseReportStatusCodeLibNull/BaseReportStatusCodeLibNull/OUTPUT/BaseReportStatusCodeLibNull.lib
/home/osboxes/RT-TEE_PRE_RELEASE/edk2/Build/ArmVirtQemuKernel-AARCH64/DEBUG_GCC49/AARCH64/ArmPkg/Library/CompilerIntrinsicsLib/CompilerIntrinsicsLib/OUTPUT/CompilerIntrinsicsLib.lib
/home/osboxes/RT-TEE_PRE_RELEASE/edk2/Build/ArmVirtQemuKernel-AARCH64/DEBUG_GCC49/AARCH64/MdePkg/Library/BaseStackCheckLib/BaseStackCheckLib/OUTPUT/BaseStackCheckLib.lib
/home/osboxes/RT-TEE_PRE_RELEASE/edk2/Build/ArmVirtQemuKernel-AARCH64/DEBUG_GCC49/AARCH64/MdeModulePkg/Universal/ResetSystemRuntimeDxe/ResetSystemRuntimeDxe/OUTPUT/ResetSystemRuntimeDxe.lib