Determining if the pthread_create exist failed with the following output:
Change Dir: /home/osboxes/fix_rttee_text/RT-TEE/optee_client/build/CMakeFiles/CMakeTmp

Run Build Command:"/usr/bin/make" "cmTC_88a22/fast"
/usr/bin/make -f CMakeFiles/cmTC_88a22.dir/build.make CMakeFiles/cmTC_88a22.dir/build
make[1]: Entering directory '/home/osboxes/fix_rttee_text/RT-TEE/optee_client/build/CMakeFiles/CMakeTmp'
Building C object CMakeFiles/cmTC_88a22.dir/CheckSymbolExists.c.o
/home/osboxes/fix_rttee_text/RT-TEE/toolchains/aarch64/bin/aarch64-linux-gnu-gcc     -o CMakeFiles/cmTC_88a22.dir/CheckSymbolExists.c.o   -c /home/osboxes/fix_rttee_text/RT-TEE/optee_client/build/CMakeFiles/CMakeTmp/CheckSymbolExists.c
Linking C executable cmTC_88a22
/usr/bin/cmake -E cmake_link_script CMakeFiles/cmTC_88a22.dir/link.txt --verbose=1
/home/osboxes/fix_rttee_text/RT-TEE/toolchains/aarch64/bin/aarch64-linux-gnu-gcc       CMakeFiles/cmTC_88a22.dir/CheckSymbolExists.c.o  -o cmTC_88a22 
CMakeFiles/cmTC_88a22.dir/CheckSymbolExists.c.o: In function `main':
CheckSymbolExists.c:(.text+0x14): undefined reference to `pthread_create'
CheckSymbolExists.c:(.text+0x18): undefined reference to `pthread_create'
collect2: error: ld returned 1 exit status
CMakeFiles/cmTC_88a22.dir/build.make:97: recipe for target 'cmTC_88a22' failed
make[1]: *** [cmTC_88a22] Error 1
make[1]: Leaving directory '/home/osboxes/fix_rttee_text/RT-TEE/optee_client/build/CMakeFiles/CMakeTmp'
Makefile:126: recipe for target 'cmTC_88a22/fast' failed
make: *** [cmTC_88a22/fast] Error 2

File /home/osboxes/fix_rttee_text/RT-TEE/optee_client/build/CMakeFiles/CMakeTmp/CheckSymbolExists.c:
/* */
#include <pthread.h>

int main(int argc, char** argv)
{
  (void)argv;
#ifndef pthread_create
  return ((int*)(&pthread_create))[argc];
#else
  (void)argc;
  return 0;
#endif
}

Determining if the function pthread_create exists in the pthreads failed with the following output:
Change Dir: /home/osboxes/fix_rttee_text/RT-TEE/optee_client/build/CMakeFiles/CMakeTmp

Run Build Command:"/usr/bin/make" "cmTC_dde03/fast"
/usr/bin/make -f CMakeFiles/cmTC_dde03.dir/build.make CMakeFiles/cmTC_dde03.dir/build
make[1]: Entering directory '/home/osboxes/fix_rttee_text/RT-TEE/optee_client/build/CMakeFiles/CMakeTmp'
Building C object CMakeFiles/cmTC_dde03.dir/CheckFunctionExists.c.o
/home/osboxes/fix_rttee_text/RT-TEE/toolchains/aarch64/bin/aarch64-linux-gnu-gcc    -DCHECK_FUNCTION_EXISTS=pthread_create   -o CMakeFiles/cmTC_dde03.dir/CheckFunctionExists.c.o   -c /usr/share/cmake-3.5/Modules/CheckFunctionExists.c
Linking C executable cmTC_dde03
/usr/bin/cmake -E cmake_link_script CMakeFiles/cmTC_dde03.dir/link.txt --verbose=1
/home/osboxes/fix_rttee_text/RT-TEE/toolchains/aarch64/bin/aarch64-linux-gnu-gcc   -DCHECK_FUNCTION_EXISTS=pthread_create    CMakeFiles/cmTC_dde03.dir/CheckFunctionExists.c.o  -o cmTC_dde03 -lpthreads 
/home/osboxes/fix_rttee_text/RT-TEE/toolchains/aarch64/bin/../lib/gcc/aarch64-linux-gnu/8.2.1/../../../../aarch64-linux-gnu/bin/ld: cannot find -lpthreads
collect2: error: ld returned 1 exit status
CMakeFiles/cmTC_dde03.dir/build.make:97: recipe for target 'cmTC_dde03' failed
make[1]: *** [cmTC_dde03] Error 1
make[1]: Leaving directory '/home/osboxes/fix_rttee_text/RT-TEE/optee_client/build/CMakeFiles/CMakeTmp'
Makefile:126: recipe for target 'cmTC_dde03/fast' failed
make: *** [cmTC_dde03/fast] Error 2


